[0m11:41:06.456280 [debug] [MainThread]: Sending event: {'category': 'dbt', 'action': 'invocation', 'label': 'start', 'context': [<snowplow_tracker.self_describing_json.SelfDescribingJson object at 0x71b0d0000590>, <snowplow_tracker.self_describing_json.SelfDescribingJson object at 0x71b0cdb60d70>, <snowplow_tracker.self_describing_json.SelfDescribingJson object at 0x71b0ce36b0e0>]}


============================== 11:41:06.461990 | 17176ea8-9197-4d09-8bbc-664dd9f4abed ==============================
[0m11:41:06.461990 [info ] [MainThread]: Running with dbt=1.10.2
[0m11:41:06.463017 [debug] [MainThread]: running dbt with arguments {'printer_width': '80', 'indirect_selection': 'eager', 'log_cache_events': 'False', 'write_json': 'True', 'partial_parse': 'True', 'cache_selected_only': 'False', 'warn_error': 'None', 'version_check': 'True', 'fail_fast': 'False', 'log_path': 'logs', 'debug': 'False', 'profiles_dir': '/home/corentin.vanlandeghe@Digital-Grenoble.local/.dbt', 'use_colors': 'True', 'use_experimental_parser': 'False', 'empty': 'None', 'quiet': 'False', 'no_print': 'None', 'warn_error_options': 'WarnErrorOptionsV2(error=[], warn=[], silence=[])', 'introspect': 'True', 'log_format': 'default', 'invocation_command': 'dbt init', 'target_path': 'None', 'static_parser': 'True', 'send_anonymous_usage_stats': 'True'}
[0m11:41:19.194374 [debug] [MainThread]: Starter project path: /home/corentin.vanlandeghe@Digital-Grenoble.local/.dbt-env/lib/python3.12/site-packages/dbt/include/starter_project
[0m11:41:19.203735 [info ] [MainThread]: 
Your new dbt project "alpsdbt" was created!

For more information on how to configure the profiles.yml file,
please consult the dbt documentation here:

  https://docs.getdbt.com/docs/configure-your-profile

One more thing:

Need help? Don't hesitate to reach out to us via GitHub issues or on Slack:

  https://community.getdbt.com/

Happy modeling!

[0m11:41:19.204533 [info ] [MainThread]: Setting up your profile.
[0m11:43:36.167560 [info ] [MainThread]: Profile alpsdbt written to /home/corentin.vanlandeghe@Digital-Grenoble.local/.dbt/profiles.yml using target's profile_template.yml and your supplied values. Run 'dbt debug' to validate the connection.
[0m11:43:36.169434 [debug] [MainThread]: Resource report: {"command_name": "init", "command_success": true, "command_wall_clock_time": 149.82129, "process_in_blocks": "0", "process_kernel_time": 0.23934, "process_mem_max_rss": "105724", "process_out_blocks": "88", "process_user_time": 2.58488}
[0m11:43:36.170420 [debug] [MainThread]: Command `dbt init` succeeded at 11:43:36.170220 after 149.82 seconds
[0m11:43:36.171148 [debug] [MainThread]: Sending event: {'category': 'dbt', 'action': 'invocation', 'label': 'end', 'context': [<snowplow_tracker.self_describing_json.SelfDescribingJson object at 0x71b0ce493fb0>, <snowplow_tracker.self_describing_json.SelfDescribingJson object at 0x71b0cdb06ba0>, <snowplow_tracker.self_describing_json.SelfDescribingJson object at 0x71b0d0000590>]}
[0m11:43:36.171966 [debug] [MainThread]: Flushing usage events
[0m11:43:36.617162 [debug] [MainThread]: An error was encountered while trying to flush usage events
